INFO 2026-01-07 03:46:34,081 views 86871 139862068074176 ============================================================
INFO 2026-01-07 03:46:34,081 views 86871 139862068074176 🎬 POST /api/v1/predict called
INFO 2026-01-07 03:46:34,081 views 86871 139862068074176 ============================================================
INFO 2026-01-07 03:46:34,081 views 86871 139862068074176 📋 Request Details:
INFO 2026-01-07 03:46:34,081 views 86871 139862068074176   Method: POST
INFO 2026-01-07 03:46:34,082 views 86871 139862068074176   Content-Type: application/json
INFO 2026-01-07 03:46:34,082 views 86871 139862068074176   Client IP: 127.0.0.1
INFO 2026-01-07 03:46:34,082 views 86871 139862068074176   User-Agent: Mozilla/5.0 (Windows NT 10.0; Win64; x64) AppleWebKit/537.36 (KHTML, like Gecko) Chrome/143.0.0.0 Safari/537.36
INFO 2026-01-07 03:46:34,082 views 86871 139862068074176   API Key: BnYWxK9ezo...
INFO 2026-01-07 03:46:34,083 views 86871 139862068074176 📦 Request data keys: ['video_base64', 'filename', 'sequence_length', 'generate_heatmap']
INFO 2026-01-07 03:46:34,083 views 86871 139862068074176   filename: test.mp4
INFO 2026-01-07 03:46:34,083 views 86871 139862068074176   sequence_length: 80
INFO 2026-01-07 03:46:34,083 views 86871 139862068074176   generate_heatmap: True
INFO 2026-01-07 03:46:34,083 views 86871 139862068074176 
🔍 Step 1: Validating input data with serializer...
INFO 2026-01-07 03:46:34,087 views 86871 139862068074176 ✓ Serializer validation passed
INFO 2026-01-07 03:46:34,087 views 86871 139862068074176   Validated data keys: ['video_base64', 'filename', 'sequence_length', 'generate_heatmap']
INFO 2026-01-07 03:46:34,087 views 86871 139862068074176   video_base64 length: 65535
INFO 2026-01-07 03:46:34,088 views 86871 139862068074176   filename: test.mp4
INFO 2026-01-07 03:46:34,088 views 86871 139862068074176   sequence_length: 80
INFO 2026-01-07 03:46:34,088 views 86871 139862068074176   generate_heatmap: True
INFO 2026-01-07 03:46:34,088 views 86871 139862068074176 
🔧 Step 2: Decoding base64 data...
DEBUG 2026-01-07 03:46:34,088 views 86871 139862068074176 Cleaning base64 data, input length: 65535
DEBUG 2026-01-07 03:46:34,088 views 86871 139862068074176 Original base64 (first 100 chars): AAAAGGZ0eXBtcDQyAAAAAGlzb21tcDQyAAAFAm1vb3YAAABsbXZoZAAAAADlgFDX5YBQ1wAAJxAAAE7oAAEAAAEAAAAAAAAAAAAA...
DEBUG 2026-01-07 03:46:34,089 views 86871 139862068074176 After removing whitespace, length: 65535
DEBUG 2026-01-07 03:46:34,089 views 86871 139862068074176 After URL-safe replacement, length: 65535
DEBUG 2026-01-07 03:46:34,090 views 86871 139862068074176 Adding padding: 3 characters needed
DEBUG 2026-01-07 03:46:34,090 views 86871 139862068074176 Final cleaned base64 length: 65536
INFO 2026-01-07 03:46:34,090 views 86871 139862068074176   Cleaned base64 length: 65536
INFO 2026-01-07 03:46:34,090 views 86871 139862068074176 ✓ Base64 decoded successfully
INFO 2026-01-07 03:46:34,090 views 86871 139862068074176   Decoded data size: 49151 bytes
INFO 2026-01-07 03:46:34,090 views 86871 139862068074176   First 32 bytes (hex): 00000018667479706d7034320000000069736f6d6d703432000005026d6f6f76
INFO 2026-01-07 03:46:34,090 views 86871 139862068074176 
🔍 Step 3: Validating video format...
INFO 2026-01-07 03:46:34,090 views 86871 139862068074176 ✓ Valid MP4 detected (ftyp at offset 4)
INFO 2026-01-07 03:46:34,091 views 86871 139862068074176 ✓ Video format validation passed: MP4
INFO 2026-01-07 03:46:34,091 views 86871 139862068074176 
📏 Step 4: Checking file size limits...
INFO 2026-01-07 03:46:34,091 views 86871 139862068074176 ✓ File size OK: 49151 bytes
INFO 2026-01-07 03:46:34,091 views 86871 139862068074176 
💾 Step 5: Creating analysis record...
INFO 2026-01-07 03:46:34,098 views 86871 139862068074176 ✓ Analysis created: 887fea29-ade2-4160-82e6-f97165c46924
INFO 2026-01-07 03:46:34,098 views 86871 139862068074176   ID: 25
INFO 2026-01-07 03:46:34,099 views 86871 139862068074176   UUID: 887fea29-ade2-4160-82e6-f97165c46924
INFO 2026-01-07 03:46:34,099 views 86871 139862068074176   Original filename: test.mp4
INFO 2026-01-07 03:46:34,099 views 86871 139862068074176   Sequence length: 80
INFO 2026-01-07 03:46:34,099 views 86871 139862068074176   Created at: 2026-01-07 03:46:34.092114+00:00
INFO 2026-01-07 03:46:34,099 views 86871 139862068074176 
💿 Step 6: Saving video file...
INFO 2026-01-07 03:46:34,108 views 86871 139862068074176 ✓ Video saved successfully
INFO 2026-01-07 03:46:34,108 views 86871 139862068074176   Filename: 887fea29-ade2-4160-82e6-f97165c46924.mp4
INFO 2026-01-07 03:46:34,108 views 86871 139862068074176   Path: /root/video_authenticity_api/media/videos/887fea29-ade2-4160-82e6-f97165c46924.mp4
INFO 2026-01-07 03:46:34,108 views 86871 139862068074176   URL: /media/videos/887fea29-ade2-4160-82e6-f97165c46924.mp4
INFO 2026-01-07 03:46:34,108 views 86871 139862068074176   Verified: 49151 bytes on disk
INFO 2026-01-07 03:46:34,109 views 86871 139862068074176 
⚡ Step 7: Starting video processing...
INFO 2026-01-07 03:46:34,109 views 86871 139862068074176   Generate heatmap: True
INFO 2026-01-07 03:46:34,109 views 86871 139862068074176   Starting Celery async task...
INFO 2026-01-07 03:46:34,147 views 86871 139862068074176 ✓ Celery task started successfully
INFO 2026-01-07 03:46:34,147 views 86871 139862068074176   Task sent to queue for analysis.id=25
INFO 2026-01-07 03:46:34,147 views 86871 139862068074176 
📤 Step 8: Preparing response...
INFO 2026-01-07 03:46:34,149 views 86871 139862068074176 ✓ Response prepared
INFO 2026-01-07 03:46:34,149 views 86871 139862068074176   Analysis ID: 887fea29-ade2-4160-82e6-f97165c46924
INFO 2026-01-07 03:46:34,149 views 86871 139862068074176   Status: pending
INFO 2026-01-07 03:46:34,149 views 86871 139862068074176   Response status code: 202 ACCEPTED
INFO 2026-01-07 03:46:34,149 views 86871 139862068074176 
============================================================
INFO 2026-01-07 03:46:34,150 views 86871 139862068074176 ✅ UPLOAD COMPLETED SUCCESSFULLY
INFO 2026-01-07 03:46:34,150 views 86871 139862068074176 ============================================================

INFO 2026-01-07 03:51:23,827 views 86871 139862068074176 
📊 GET /api/v1/analyses/887fea29-ade2-4160-82e6-f97165c46924/status
INFO 2026-01-07 03:51:23,828 views 86871 139862068074176   Client IP: 127.0.0.1
INFO 2026-01-07 03:51:23,828 views 86871 139862068074176   API Key: BnYWxK9ezo...
INFO 2026-01-07 03:51:23,828 views 86871 139862068074176 🔍 Looking up analysis: 887fea29-ade2-4160-82e6-f97165c46924
INFO 2026-01-07 03:51:23,830 views 86871 139862068074176 ✓ Analysis found: 887fea29-ade2-4160-82e6-f97165c46924
INFO 2026-01-07 03:51:23,830 views 86871 139862068074176   Status: pending
INFO 2026-01-07 03:51:23,830 views 86871 139862068074176   Prediction: None
INFO 2026-01-07 03:51:23,830 views 86871 139862068074176   Confidence: None
INFO 2026-01-07 03:51:23,832 views 86871 139862068074176 ✓ Ownership verified
INFO 2026-01-07 03:51:23,833 views 86871 139862068074176 ✓ Response prepared
INFO 2026-01-07 03:51:23,834 views 86871 139862068074176   Status: pending
INFO 2026-01-07 04:09:06,867 views 109211 140705861076672 ============================================================
INFO 2026-01-07 04:09:06,867 views 109211 140705861076672 🎬 POST /api/v1/predict called
INFO 2026-01-07 04:09:06,867 views 109211 140705861076672 ============================================================
INFO 2026-01-07 04:09:06,867 views 109211 140705861076672 📋 Request Details:
INFO 2026-01-07 04:09:06,868 views 109211 140705861076672   Method: POST
INFO 2026-01-07 04:09:06,868 views 109211 140705861076672   Content-Type: application/json
INFO 2026-01-07 04:09:06,868 views 109211 140705861076672   Client IP: 127.0.0.1
INFO 2026-01-07 04:09:06,868 views 109211 140705861076672   User-Agent: Mozilla/5.0 (Windows NT 10.0; Win64; x64) AppleWebKit/537.36 (KHTML, like Gecko) Chrome/143.0.0.0 Safari/537.36
INFO 2026-01-07 04:09:06,868 views 109211 140705861076672   API Key: BnYWxK9ezo...
INFO 2026-01-07 04:09:06,869 views 109211 140705861076672 📦 Request data keys: ['video_base64', 'filename', 'sequence_length', 'generate_heatmap']
INFO 2026-01-07 04:09:06,869 views 109211 140705861076672   filename: test.mp4
INFO 2026-01-07 04:09:06,869 views 109211 140705861076672   sequence_length: 80
INFO 2026-01-07 04:09:06,869 views 109211 140705861076672   generate_heatmap: True
INFO 2026-01-07 04:09:06,869 views 109211 140705861076672 
🔍 Step 1: Validating input data with serializer...
INFO 2026-01-07 04:09:06,873 views 109211 140705861076672 ✓ Serializer validation passed
INFO 2026-01-07 04:09:06,873 views 109211 140705861076672   Validated data keys: ['video_base64', 'filename', 'sequence_length', 'generate_heatmap']
INFO 2026-01-07 04:09:06,873 views 109211 140705861076672   video_base64 length: 65535
INFO 2026-01-07 04:09:06,874 views 109211 140705861076672   filename: test.mp4
INFO 2026-01-07 04:09:06,874 views 109211 140705861076672   sequence_length: 80
INFO 2026-01-07 04:09:06,874 views 109211 140705861076672   generate_heatmap: True
INFO 2026-01-07 04:09:06,874 views 109211 140705861076672 
🔧 Step 2: Decoding base64 data...
DEBUG 2026-01-07 04:09:06,874 views 109211 140705861076672 Cleaning base64 data, input length: 65535
DEBUG 2026-01-07 04:09:06,874 views 109211 140705861076672 Original base64 (first 100 chars): AAAAGGZ0eXBtcDQyAAAAAGlzb21tcDQyAAAFAm1vb3YAAABsbXZoZAAAAADlgFDX5YBQ1wAAJxAAAE7oAAEAAAEAAAAAAAAAAAAA...
DEBUG 2026-01-07 04:09:06,875 views 109211 140705861076672 After removing whitespace, length: 65535
DEBUG 2026-01-07 04:09:06,875 views 109211 140705861076672 After URL-safe replacement, length: 65535
DEBUG 2026-01-07 04:09:06,876 views 109211 140705861076672 Adding padding: 3 characters needed
DEBUG 2026-01-07 04:09:06,876 views 109211 140705861076672 Final cleaned base64 length: 65536
INFO 2026-01-07 04:09:06,876 views 109211 140705861076672   Cleaned base64 length: 65536
INFO 2026-01-07 04:09:06,876 views 109211 140705861076672 ✓ Base64 decoded successfully
INFO 2026-01-07 04:09:06,876 views 109211 140705861076672   Decoded data size: 49151 bytes
INFO 2026-01-07 04:09:06,876 views 109211 140705861076672   First 32 bytes (hex): 00000018667479706d7034320000000069736f6d6d703432000005026d6f6f76
INFO 2026-01-07 04:09:06,877 views 109211 140705861076672 
🔍 Step 3: Validating video format...
INFO 2026-01-07 04:09:06,877 views 109211 140705861076672 ✓ Valid MP4 detected (ftyp at offset 4)
INFO 2026-01-07 04:09:06,877 views 109211 140705861076672 ✓ Video format validation passed: MP4
INFO 2026-01-07 04:09:06,877 views 109211 140705861076672 
📏 Step 4: Checking file size limits...
INFO 2026-01-07 04:09:06,877 views 109211 140705861076672 ✓ File size OK: 49151 bytes
INFO 2026-01-07 04:09:06,877 views 109211 140705861076672 
💾 Step 5: Creating analysis record...
INFO 2026-01-07 04:09:06,885 views 109211 140705861076672 ✓ Analysis created: 27e9603d-e7ef-4246-93ee-a44ebb61cc85
INFO 2026-01-07 04:09:06,885 views 109211 140705861076672   ID: 26
INFO 2026-01-07 04:09:06,885 views 109211 140705861076672   UUID: 27e9603d-e7ef-4246-93ee-a44ebb61cc85
INFO 2026-01-07 04:09:06,885 views 109211 140705861076672   Original filename: test.mp4
INFO 2026-01-07 04:09:06,885 views 109211 140705861076672   Sequence length: 80
INFO 2026-01-07 04:09:06,885 views 109211 140705861076672   Created at: 2026-01-07 04:09:06.878734+00:00
INFO 2026-01-07 04:09:06,886 views 109211 140705861076672 
💿 Step 6: Saving video file...
INFO 2026-01-07 04:09:06,894 views 109211 140705861076672 ✓ Video saved successfully
INFO 2026-01-07 04:09:06,894 views 109211 140705861076672   Filename: 27e9603d-e7ef-4246-93ee-a44ebb61cc85.mp4
INFO 2026-01-07 04:09:06,895 views 109211 140705861076672   Path: /root/video_authenticity_api/media/videos/27e9603d-e7ef-4246-93ee-a44ebb61cc85.mp4
INFO 2026-01-07 04:09:06,895 views 109211 140705861076672   URL: /media/videos/27e9603d-e7ef-4246-93ee-a44ebb61cc85.mp4
INFO 2026-01-07 04:09:06,896 views 109211 140705861076672   Verified: 49151 bytes on disk
INFO 2026-01-07 04:09:06,896 views 109211 140705861076672 
⚡ Step 7: Starting video processing...
INFO 2026-01-07 04:09:06,896 views 109211 140705861076672   Generate heatmap: True
INFO 2026-01-07 04:09:06,897 views 109211 140705861076672   Starting Celery async task...
INFO 2026-01-07 04:09:07,019 views 109211 140705861076672 ✓ Celery task started successfully
INFO 2026-01-07 04:09:07,019 views 109211 140705861076672   Task sent to queue for analysis.id=26
INFO 2026-01-07 04:09:07,019 views 109211 140705861076672 
📤 Step 8: Preparing response...
INFO 2026-01-07 04:09:07,020 views 109211 140705861076672 ✓ Response prepared
INFO 2026-01-07 04:09:07,020 views 109211 140705861076672   Analysis ID: 27e9603d-e7ef-4246-93ee-a44ebb61cc85
INFO 2026-01-07 04:09:07,020 views 109211 140705861076672   Status: pending
INFO 2026-01-07 04:09:07,020 views 109211 140705861076672   Response status code: 202 ACCEPTED
INFO 2026-01-07 04:09:07,021 views 109211 140705861076672 
============================================================
INFO 2026-01-07 04:09:07,021 views 109211 140705861076672 ✅ UPLOAD COMPLETED SUCCESSFULLY
INFO 2026-01-07 04:09:07,021 views 109211 140705861076672 ============================================================

INFO 2026-01-07 04:09:14,521 views 109211 140705861076672 ============================================================
INFO 2026-01-07 04:09:14,522 views 109211 140705861076672 🎬 POST /api/v1/predict called
INFO 2026-01-07 04:09:14,522 views 109211 140705861076672 ============================================================
INFO 2026-01-07 04:09:14,522 views 109211 140705861076672 📋 Request Details:
INFO 2026-01-07 04:09:14,522 views 109211 140705861076672   Method: POST
INFO 2026-01-07 04:09:14,522 views 109211 140705861076672   Content-Type: application/json
INFO 2026-01-07 04:09:14,522 views 109211 140705861076672   Client IP: 127.0.0.1
INFO 2026-01-07 04:09:14,523 views 109211 140705861076672   User-Agent: Mozilla/5.0 (Windows NT 10.0; Win64; x64) AppleWebKit/537.36 (KHTML, like Gecko) Chrome/143.0.0.0 Safari/537.36
INFO 2026-01-07 04:09:14,523 views 109211 140705861076672   API Key: BnYWxK9ezo...
INFO 2026-01-07 04:09:14,523 views 109211 140705861076672 📦 Request data keys: ['video_base64', 'filename', 'sequence_length', 'generate_heatmap']
INFO 2026-01-07 04:09:14,524 views 109211 140705861076672   filename: test.mp4
INFO 2026-01-07 04:09:14,524 views 109211 140705861076672   sequence_length: 80
INFO 2026-01-07 04:09:14,524 views 109211 140705861076672   generate_heatmap: True
INFO 2026-01-07 04:09:14,524 views 109211 140705861076672 
🔍 Step 1: Validating input data with serializer...
INFO 2026-01-07 04:09:14,528 views 109211 140705861076672 ✓ Serializer validation passed
INFO 2026-01-07 04:09:14,529 views 109211 140705861076672   Validated data keys: ['video_base64', 'filename', 'sequence_length', 'generate_heatmap']
INFO 2026-01-07 04:09:14,529 views 109211 140705861076672   video_base64 length: 65535
INFO 2026-01-07 04:09:14,529 views 109211 140705861076672   filename: test.mp4
INFO 2026-01-07 04:09:14,529 views 109211 140705861076672   sequence_length: 80
INFO 2026-01-07 04:09:14,529 views 109211 140705861076672   generate_heatmap: True
INFO 2026-01-07 04:09:14,529 views 109211 140705861076672 
🔧 Step 2: Decoding base64 data...
DEBUG 2026-01-07 04:09:14,530 views 109211 140705861076672 Cleaning base64 data, input length: 65535
DEBUG 2026-01-07 04:09:14,530 views 109211 140705861076672 Original base64 (first 100 chars): AAAAGGZ0eXBtcDQyAAAAAGlzb21tcDQyAAAFAm1vb3YAAABsbXZoZAAAAADlgFDX5YBQ1wAAJxAAAE7oAAEAAAEAAAAAAAAAAAAA...
DEBUG 2026-01-07 04:09:14,532 views 109211 140705861076672 After removing whitespace, length: 65535
DEBUG 2026-01-07 04:09:14,532 views 109211 140705861076672 After URL-safe replacement, length: 65535
DEBUG 2026-01-07 04:09:14,532 views 109211 140705861076672 Adding padding: 3 characters needed
DEBUG 2026-01-07 04:09:14,532 views 109211 140705861076672 Final cleaned base64 length: 65536
INFO 2026-01-07 04:09:14,532 views 109211 140705861076672   Cleaned base64 length: 65536
INFO 2026-01-07 04:09:14,533 views 109211 140705861076672 ✓ Base64 decoded successfully
INFO 2026-01-07 04:09:14,533 views 109211 140705861076672   Decoded data size: 49151 bytes
INFO 2026-01-07 04:09:14,533 views 109211 140705861076672   First 32 bytes (hex): 00000018667479706d7034320000000069736f6d6d703432000005026d6f6f76
INFO 2026-01-07 04:09:14,534 views 109211 140705861076672 
🔍 Step 3: Validating video format...
INFO 2026-01-07 04:09:14,534 views 109211 140705861076672 ✓ Valid MP4 detected (ftyp at offset 4)
INFO 2026-01-07 04:09:14,534 views 109211 140705861076672 ✓ Video format validation passed: MP4
INFO 2026-01-07 04:09:14,534 views 109211 140705861076672 
📏 Step 4: Checking file size limits...
INFO 2026-01-07 04:09:14,534 views 109211 140705861076672 ✓ File size OK: 49151 bytes
INFO 2026-01-07 04:09:14,534 views 109211 140705861076672 
💾 Step 5: Creating analysis record...
INFO 2026-01-07 04:09:14,542 views 109211 140705861076672 ✓ Analysis created: 7c523876-03bf-4069-b6e4-cd034f17efb0
INFO 2026-01-07 04:09:14,542 views 109211 140705861076672   ID: 27
INFO 2026-01-07 04:09:14,542 views 109211 140705861076672   UUID: 7c523876-03bf-4069-b6e4-cd034f17efb0
INFO 2026-01-07 04:09:14,542 views 109211 140705861076672   Original filename: test.mp4
INFO 2026-01-07 04:09:14,543 views 109211 140705861076672   Sequence length: 80
INFO 2026-01-07 04:09:14,543 views 109211 140705861076672   Created at: 2026-01-07 04:09:14.535915+00:00
INFO 2026-01-07 04:09:14,543 views 109211 140705861076672 
💿 Step 6: Saving video file...
INFO 2026-01-07 04:09:14,550 views 109211 140705861076672 ✓ Video saved successfully
INFO 2026-01-07 04:09:14,550 views 109211 140705861076672   Filename: 7c523876-03bf-4069-b6e4-cd034f17efb0.mp4
INFO 2026-01-07 04:09:14,550 views 109211 140705861076672   Path: /root/video_authenticity_api/media/videos/7c523876-03bf-4069-b6e4-cd034f17efb0.mp4
INFO 2026-01-07 04:09:14,551 views 109211 140705861076672   URL: /media/videos/7c523876-03bf-4069-b6e4-cd034f17efb0.mp4
INFO 2026-01-07 04:09:14,551 views 109211 140705861076672   Verified: 49151 bytes on disk
INFO 2026-01-07 04:09:14,551 views 109211 140705861076672 
⚡ Step 7: Starting video processing...
INFO 2026-01-07 04:09:14,551 views 109211 140705861076672   Generate heatmap: True
INFO 2026-01-07 04:09:14,551 views 109211 140705861076672   Starting Celery async task...
INFO 2026-01-07 04:09:14,554 views 109211 140705861076672 ✓ Celery task started successfully
INFO 2026-01-07 04:09:14,554 views 109211 140705861076672   Task sent to queue for analysis.id=27
INFO 2026-01-07 04:09:14,554 views 109211 140705861076672 
📤 Step 8: Preparing response...
INFO 2026-01-07 04:09:14,555 views 109211 140705861076672 ✓ Response prepared
INFO 2026-01-07 04:09:14,556 views 109211 140705861076672   Analysis ID: 7c523876-03bf-4069-b6e4-cd034f17efb0
INFO 2026-01-07 04:09:14,556 views 109211 140705861076672   Status: pending
INFO 2026-01-07 04:09:14,556 views 109211 140705861076672   Response status code: 202 ACCEPTED
INFO 2026-01-07 04:09:14,556 views 109211 140705861076672 
============================================================
INFO 2026-01-07 04:09:14,557 views 109211 140705861076672 ✅ UPLOAD COMPLETED SUCCESSFULLY
INFO 2026-01-07 04:09:14,557 views 109211 140705861076672 ============================================================

INFO 2026-01-07 04:09:15,552 views 109211 140705861076672 ============================================================
INFO 2026-01-07 04:09:15,552 views 109211 140705861076672 🎬 POST /api/v1/predict called
INFO 2026-01-07 04:09:15,552 views 109211 140705861076672 ============================================================
INFO 2026-01-07 04:09:15,552 views 109211 140705861076672 📋 Request Details:
INFO 2026-01-07 04:09:15,552 views 109211 140705861076672   Method: POST
INFO 2026-01-07 04:09:15,553 views 109211 140705861076672   Content-Type: application/json
INFO 2026-01-07 04:09:15,553 views 109211 140705861076672   Client IP: 127.0.0.1
INFO 2026-01-07 04:09:15,553 views 109211 140705861076672   User-Agent: Mozilla/5.0 (Windows NT 10.0; Win64; x64) AppleWebKit/537.36 (KHTML, like Gecko) Chrome/143.0.0.0 Safari/537.36
INFO 2026-01-07 04:09:15,553 views 109211 140705861076672   API Key: BnYWxK9ezo...
INFO 2026-01-07 04:09:15,554 views 109211 140705861076672 📦 Request data keys: ['video_base64', 'filename', 'sequence_length', 'generate_heatmap']
INFO 2026-01-07 04:09:15,554 views 109211 140705861076672   filename: test.mp4
INFO 2026-01-07 04:09:15,554 views 109211 140705861076672   sequence_length: 80
INFO 2026-01-07 04:09:15,554 views 109211 140705861076672   generate_heatmap: True
INFO 2026-01-07 04:09:15,554 views 109211 140705861076672 
🔍 Step 1: Validating input data with serializer...
INFO 2026-01-07 04:09:15,559 views 109211 140705861076672 ✓ Serializer validation passed
INFO 2026-01-07 04:09:15,559 views 109211 140705861076672   Validated data keys: ['video_base64', 'filename', 'sequence_length', 'generate_heatmap']
INFO 2026-01-07 04:09:15,559 views 109211 140705861076672   video_base64 length: 65535
INFO 2026-01-07 04:09:15,559 views 109211 140705861076672   filename: test.mp4
INFO 2026-01-07 04:09:15,560 views 109211 140705861076672   sequence_length: 80
INFO 2026-01-07 04:09:15,560 views 109211 140705861076672   generate_heatmap: True
INFO 2026-01-07 04:09:15,560 views 109211 140705861076672 
🔧 Step 2: Decoding base64 data...
DEBUG 2026-01-07 04:09:15,560 views 109211 140705861076672 Cleaning base64 data, input length: 65535
DEBUG 2026-01-07 04:09:15,560 views 109211 140705861076672 Original base64 (first 100 chars): AAAAGGZ0eXBtcDQyAAAAAGlzb21tcDQyAAAFAm1vb3YAAABsbXZoZAAAAADlgFDX5YBQ1wAAJxAAAE7oAAEAAAEAAAAAAAAAAAAA...
DEBUG 2026-01-07 04:09:15,561 views 109211 140705861076672 After removing whitespace, length: 65535
DEBUG 2026-01-07 04:09:15,561 views 109211 140705861076672 After URL-safe replacement, length: 65535
DEBUG 2026-01-07 04:09:15,561 views 109211 140705861076672 Adding padding: 3 characters needed
DEBUG 2026-01-07 04:09:15,561 views 109211 140705861076672 Final cleaned base64 length: 65536
INFO 2026-01-07 04:09:15,561 views 109211 140705861076672   Cleaned base64 length: 65536
INFO 2026-01-07 04:09:15,562 views 109211 140705861076672 ✓ Base64 decoded successfully
INFO 2026-01-07 04:09:15,562 views 109211 140705861076672   Decoded data size: 49151 bytes
INFO 2026-01-07 04:09:15,562 views 109211 140705861076672   First 32 bytes (hex): 00000018667479706d7034320000000069736f6d6d703432000005026d6f6f76
INFO 2026-01-07 04:09:15,562 views 109211 140705861076672 
🔍 Step 3: Validating video format...
INFO 2026-01-07 04:09:15,562 views 109211 140705861076672 ✓ Valid MP4 detected (ftyp at offset 4)
INFO 2026-01-07 04:09:15,562 views 109211 140705861076672 ✓ Video format validation passed: MP4
INFO 2026-01-07 04:09:15,563 views 109211 140705861076672 
📏 Step 4: Checking file size limits...
INFO 2026-01-07 04:09:15,563 views 109211 140705861076672 ✓ File size OK: 49151 bytes
INFO 2026-01-07 04:09:15,563 views 109211 140705861076672 
💾 Step 5: Creating analysis record...
INFO 2026-01-07 04:09:15,571 views 109211 140705861076672 ✓ Analysis created: 620bca20-66fa-4fc3-a0ba-2c6c5ee14cb3
INFO 2026-01-07 04:09:15,571 views 109211 140705861076672   ID: 28
INFO 2026-01-07 04:09:15,571 views 109211 140705861076672   UUID: 620bca20-66fa-4fc3-a0ba-2c6c5ee14cb3
INFO 2026-01-07 04:09:15,572 views 109211 140705861076672   Original filename: test.mp4
INFO 2026-01-07 04:09:15,572 views 109211 140705861076672   Sequence length: 80
INFO 2026-01-07 04:09:15,572 views 109211 140705861076672   Created at: 2026-01-07 04:09:15.563939+00:00
INFO 2026-01-07 04:09:15,572 views 109211 140705861076672 
💿 Step 6: Saving video file...
INFO 2026-01-07 04:09:15,582 views 109211 140705861076672 ✓ Video saved successfully
INFO 2026-01-07 04:09:15,582 views 109211 140705861076672   Filename: 620bca20-66fa-4fc3-a0ba-2c6c5ee14cb3.mp4
INFO 2026-01-07 04:09:15,583 views 109211 140705861076672   Path: /root/video_authenticity_api/media/videos/620bca20-66fa-4fc3-a0ba-2c6c5ee14cb3.mp4
INFO 2026-01-07 04:09:15,583 views 109211 140705861076672   URL: /media/videos/620bca20-66fa-4fc3-a0ba-2c6c5ee14cb3.mp4
INFO 2026-01-07 04:09:15,583 views 109211 140705861076672   Verified: 49151 bytes on disk
INFO 2026-01-07 04:09:15,584 views 109211 140705861076672 
⚡ Step 7: Starting video processing...
INFO 2026-01-07 04:09:15,584 views 109211 140705861076672   Generate heatmap: True
INFO 2026-01-07 04:09:15,584 views 109211 140705861076672   Starting Celery async task...
INFO 2026-01-07 04:09:15,587 views 109211 140705861076672 ✓ Celery task started successfully
INFO 2026-01-07 04:09:15,587 views 109211 140705861076672   Task sent to queue for analysis.id=28
INFO 2026-01-07 04:09:15,587 views 109211 140705861076672 
📤 Step 8: Preparing response...
INFO 2026-01-07 04:09:15,588 views 109211 140705861076672 ✓ Response prepared
INFO 2026-01-07 04:09:15,589 views 109211 140705861076672   Analysis ID: 620bca20-66fa-4fc3-a0ba-2c6c5ee14cb3
INFO 2026-01-07 04:09:15,589 views 109211 140705861076672   Status: pending
INFO 2026-01-07 04:09:15,589 views 109211 140705861076672   Response status code: 202 ACCEPTED
INFO 2026-01-07 04:09:15,589 views 109211 140705861076672 
============================================================
INFO 2026-01-07 04:09:15,590 views 109211 140705861076672 ✅ UPLOAD COMPLETED SUCCESSFULLY
INFO 2026-01-07 04:09:15,591 views 109211 140705861076672 ============================================================

INFO 2026-01-07 04:09:19,238 views 109211 140705861076672 ============================================================
INFO 2026-01-07 04:09:19,238 views 109211 140705861076672 🎬 POST /api/v1/predict called
INFO 2026-01-07 04:09:19,238 views 109211 140705861076672 ============================================================
INFO 2026-01-07 04:09:19,239 views 109211 140705861076672 📋 Request Details:
INFO 2026-01-07 04:09:19,239 views 109211 140705861076672   Method: POST
INFO 2026-01-07 04:09:19,239 views 109211 140705861076672   Content-Type: application/json
INFO 2026-01-07 04:09:19,239 views 109211 140705861076672   Client IP: 127.0.0.1
INFO 2026-01-07 04:09:19,240 views 109211 140705861076672   User-Agent: Mozilla/5.0 (Windows NT 10.0; Win64; x64) AppleWebKit/537.36 (KHTML, like Gecko) Chrome/143.0.0.0 Safari/537.36
INFO 2026-01-07 04:09:19,240 views 109211 140705861076672   API Key: BnYWxK9ezo...
INFO 2026-01-07 04:09:19,240 views 109211 140705861076672 📦 Request data keys: ['video_base64', 'filename', 'sequence_length', 'generate_heatmap']
INFO 2026-01-07 04:09:19,241 views 109211 140705861076672   filename: test.mp4
INFO 2026-01-07 04:09:19,241 views 109211 140705861076672   sequence_length: 80
INFO 2026-01-07 04:09:19,241 views 109211 140705861076672   generate_heatmap: True
INFO 2026-01-07 04:09:19,241 views 109211 140705861076672 
🔍 Step 1: Validating input data with serializer...
INFO 2026-01-07 04:09:19,245 views 109211 140705861076672 ✓ Serializer validation passed
INFO 2026-01-07 04:09:19,246 views 109211 140705861076672   Validated data keys: ['video_base64', 'filename', 'sequence_length', 'generate_heatmap']
INFO 2026-01-07 04:09:19,246 views 109211 140705861076672   video_base64 length: 65535
INFO 2026-01-07 04:09:19,246 views 109211 140705861076672   filename: test.mp4
INFO 2026-01-07 04:09:19,246 views 109211 140705861076672   sequence_length: 80
INFO 2026-01-07 04:09:19,247 views 109211 140705861076672   generate_heatmap: True
INFO 2026-01-07 04:09:19,247 views 109211 140705861076672 
🔧 Step 2: Decoding base64 data...
DEBUG 2026-01-07 04:09:19,247 views 109211 140705861076672 Cleaning base64 data, input length: 65535
DEBUG 2026-01-07 04:09:19,247 views 109211 140705861076672 Original base64 (first 100 chars): AAAAGGZ0eXBtcDQyAAAAAGlzb21tcDQyAAAFAm1vb3YAAABsbXZoZAAAAADlgFDX5YBQ1wAAJxAAAE7oAAEAAAEAAAAAAAAAAAAA...
DEBUG 2026-01-07 04:09:19,248 views 109211 140705861076672 After removing whitespace, length: 65535
DEBUG 2026-01-07 04:09:19,248 views 109211 140705861076672 After URL-safe replacement, length: 65535
DEBUG 2026-01-07 04:09:19,248 views 109211 140705861076672 Adding padding: 3 characters needed
DEBUG 2026-01-07 04:09:19,248 views 109211 140705861076672 Final cleaned base64 length: 65536
INFO 2026-01-07 04:09:19,248 views 109211 140705861076672   Cleaned base64 length: 65536
INFO 2026-01-07 04:09:19,249 views 109211 140705861076672 ✓ Base64 decoded successfully
INFO 2026-01-07 04:09:19,249 views 109211 140705861076672   Decoded data size: 49151 bytes
INFO 2026-01-07 04:09:19,249 views 109211 140705861076672   First 32 bytes (hex): 00000018667479706d7034320000000069736f6d6d703432000005026d6f6f76
INFO 2026-01-07 04:09:19,249 views 109211 140705861076672 
🔍 Step 3: Validating video format...
INFO 2026-01-07 04:09:19,249 views 109211 140705861076672 ✓ Valid MP4 detected (ftyp at offset 4)
INFO 2026-01-07 04:09:19,249 views 109211 140705861076672 ✓ Video format validation passed: MP4
INFO 2026-01-07 04:09:19,250 views 109211 140705861076672 
📏 Step 4: Checking file size limits...
INFO 2026-01-07 04:09:19,250 views 109211 140705861076672 ✓ File size OK: 49151 bytes
INFO 2026-01-07 04:09:19,250 views 109211 140705861076672 
💾 Step 5: Creating analysis record...
INFO 2026-01-07 04:09:19,257 views 109211 140705861076672 ✓ Analysis created: 8e7bf800-aeb7-4760-a1ce-b6844cd768b2
INFO 2026-01-07 04:09:19,257 views 109211 140705861076672   ID: 29
INFO 2026-01-07 04:09:19,258 views 109211 140705861076672   UUID: 8e7bf800-aeb7-4760-a1ce-b6844cd768b2
INFO 2026-01-07 04:09:19,258 views 109211 140705861076672   Original filename: test.mp4
INFO 2026-01-07 04:09:19,258 views 109211 140705861076672   Sequence length: 80
INFO 2026-01-07 04:09:19,258 views 109211 140705861076672   Created at: 2026-01-07 04:09:19.251101+00:00
INFO 2026-01-07 04:09:19,258 views 109211 140705861076672 
💿 Step 6: Saving video file...
INFO 2026-01-07 04:09:19,265 views 109211 140705861076672 ✓ Video saved successfully
INFO 2026-01-07 04:09:19,266 views 109211 140705861076672   Filename: 8e7bf800-aeb7-4760-a1ce-b6844cd768b2.mp4
INFO 2026-01-07 04:09:19,266 views 109211 140705861076672   Path: /root/video_authenticity_api/media/videos/8e7bf800-aeb7-4760-a1ce-b6844cd768b2.mp4
INFO 2026-01-07 04:09:19,266 views 109211 140705861076672   URL: /media/videos/8e7bf800-aeb7-4760-a1ce-b6844cd768b2.mp4
INFO 2026-01-07 04:09:19,266 views 109211 140705861076672   Verified: 49151 bytes on disk
INFO 2026-01-07 04:09:19,267 views 109211 140705861076672 
⚡ Step 7: Starting video processing...
INFO 2026-01-07 04:09:19,267 views 109211 140705861076672   Generate heatmap: True
INFO 2026-01-07 04:09:19,267 views 109211 140705861076672   Starting Celery async task...
INFO 2026-01-07 04:09:19,269 views 109211 140705861076672 ✓ Celery task started successfully
INFO 2026-01-07 04:09:19,269 views 109211 140705861076672   Task sent to queue for analysis.id=29
INFO 2026-01-07 04:09:19,270 views 109211 140705861076672 
📤 Step 8: Preparing response...
INFO 2026-01-07 04:09:19,271 views 109211 140705861076672 ✓ Response prepared
INFO 2026-01-07 04:09:19,271 views 109211 140705861076672   Analysis ID: 8e7bf800-aeb7-4760-a1ce-b6844cd768b2
INFO 2026-01-07 04:09:19,271 views 109211 140705861076672   Status: pending
INFO 2026-01-07 04:09:19,271 views 109211 140705861076672   Response status code: 202 ACCEPTED
INFO 2026-01-07 04:09:19,271 views 109211 140705861076672 
============================================================
INFO 2026-01-07 04:09:19,271 views 109211 140705861076672 ✅ UPLOAD COMPLETED SUCCESSFULLY
INFO 2026-01-07 04:09:19,271 views 109211 140705861076672 ============================================================

INFO 2026-01-07 04:11:20,840 views 112100 140608928614080 ============================================================
INFO 2026-01-07 04:11:20,840 views 112100 140608928614080 🎬 POST /api/v1/predict called
INFO 2026-01-07 04:11:20,840 views 112100 140608928614080 ============================================================
INFO 2026-01-07 04:11:20,840 views 112100 140608928614080 📋 Request Details:
INFO 2026-01-07 04:11:20,840 views 112100 140608928614080   Method: POST
INFO 2026-01-07 04:11:20,841 views 112100 140608928614080   Content-Type: application/json
INFO 2026-01-07 04:11:20,841 views 112100 140608928614080   Client IP: 127.0.0.1
INFO 2026-01-07 04:11:20,841 views 112100 140608928614080   User-Agent: Mozilla/5.0 (Windows NT 10.0; Win64; x64) AppleWebKit/537.36 (KHTML, like Gecko) Chrome/143.0.0.0 Safari/537.36
INFO 2026-01-07 04:11:20,841 views 112100 140608928614080   API Key: BnYWxK9ezo...
INFO 2026-01-07 04:11:20,841 views 112100 140608928614080 📦 Request data keys: ['video_base64', 'filename', 'sequence_length', 'generate_heatmap']
INFO 2026-01-07 04:11:20,841 views 112100 140608928614080   filename: test.mp4
INFO 2026-01-07 04:11:20,841 views 112100 140608928614080   sequence_length: 80
INFO 2026-01-07 04:11:20,842 views 112100 140608928614080   generate_heatmap: True
INFO 2026-01-07 04:11:20,842 views 112100 140608928614080 
🔍 Step 1: Validating input data with serializer...
INFO 2026-01-07 04:11:20,845 views 112100 140608928614080 ✓ Serializer validation passed
INFO 2026-01-07 04:11:20,845 views 112100 140608928614080   Validated data keys: ['video_base64', 'filename', 'sequence_length', 'generate_heatmap']
INFO 2026-01-07 04:11:20,845 views 112100 140608928614080   video_base64 length: 65535
INFO 2026-01-07 04:11:20,845 views 112100 140608928614080   filename: test.mp4
INFO 2026-01-07 04:11:20,845 views 112100 140608928614080   sequence_length: 80
INFO 2026-01-07 04:11:20,845 views 112100 140608928614080   generate_heatmap: True
INFO 2026-01-07 04:11:20,846 views 112100 140608928614080 
🔧 Step 2: Decoding base64 data...
DEBUG 2026-01-07 04:11:20,846 views 112100 140608928614080 Cleaning base64 data, input length: 65535
DEBUG 2026-01-07 04:11:20,846 views 112100 140608928614080 Original base64 (first 100 chars): AAAAGGZ0eXBtcDQyAAAAAGlzb21tcDQyAAAFAm1vb3YAAABsbXZoZAAAAADlgFDX5YBQ1wAAJxAAAE7oAAEAAAEAAAAAAAAAAAAA...
DEBUG 2026-01-07 04:11:20,847 views 112100 140608928614080 After removing whitespace, length: 65535
DEBUG 2026-01-07 04:11:20,847 views 112100 140608928614080 After URL-safe replacement, length: 65535
DEBUG 2026-01-07 04:11:20,847 views 112100 140608928614080 Adding padding: 3 characters needed
DEBUG 2026-01-07 04:11:20,847 views 112100 140608928614080 Final cleaned base64 length: 65536
INFO 2026-01-07 04:11:20,847 views 112100 140608928614080   Cleaned base64 length: 65536
INFO 2026-01-07 04:11:20,847 views 112100 140608928614080 ✓ Base64 decoded successfully
INFO 2026-01-07 04:11:20,847 views 112100 140608928614080   Decoded data size: 49151 bytes
INFO 2026-01-07 04:11:20,847 views 112100 140608928614080   First 32 bytes (hex): 00000018667479706d7034320000000069736f6d6d703432000005026d6f6f76
INFO 2026-01-07 04:11:20,847 views 112100 140608928614080 
🔍 Step 3: Validating video format...
INFO 2026-01-07 04:11:20,848 views 112100 140608928614080 ✓ Valid MP4 detected (ftyp at offset 4)
INFO 2026-01-07 04:11:20,848 views 112100 140608928614080 ✓ Video format validation passed: MP4
INFO 2026-01-07 04:11:20,848 views 112100 140608928614080 
📏 Step 4: Checking file size limits...
INFO 2026-01-07 04:11:20,848 views 112100 140608928614080 ✓ File size OK: 49151 bytes
INFO 2026-01-07 04:11:20,848 views 112100 140608928614080 
💾 Step 5: Creating analysis record...
INFO 2026-01-07 04:11:20,854 views 112100 140608928614080 ✓ Analysis created: 790d5324-bcdb-4003-adf9-6ac622124211
INFO 2026-01-07 04:11:20,854 views 112100 140608928614080   ID: 30
INFO 2026-01-07 04:11:20,854 views 112100 140608928614080   UUID: 790d5324-bcdb-4003-adf9-6ac622124211
INFO 2026-01-07 04:11:20,854 views 112100 140608928614080   Original filename: test.mp4
INFO 2026-01-07 04:11:20,854 views 112100 140608928614080   Sequence length: 80
INFO 2026-01-07 04:11:20,854 views 112100 140608928614080   Created at: 2026-01-07 04:11:20.849076+00:00
INFO 2026-01-07 04:11:20,854 views 112100 140608928614080 
💿 Step 6: Saving video file...
INFO 2026-01-07 04:11:20,861 views 112100 140608928614080 ✓ Video saved successfully
INFO 2026-01-07 04:11:20,861 views 112100 140608928614080   Filename: 790d5324-bcdb-4003-adf9-6ac622124211.mp4
INFO 2026-01-07 04:11:20,862 views 112100 140608928614080   Path: /root/video_authenticity_api/media/videos/790d5324-bcdb-4003-adf9-6ac622124211.mp4
INFO 2026-01-07 04:11:20,862 views 112100 140608928614080   URL: /media/videos/790d5324-bcdb-4003-adf9-6ac622124211.mp4
INFO 2026-01-07 04:11:20,862 views 112100 140608928614080   Verified: 49151 bytes on disk
INFO 2026-01-07 04:11:20,862 views 112100 140608928614080 
⚡ Step 7: Starting video processing...
INFO 2026-01-07 04:11:20,862 views 112100 140608928614080   Generate heatmap: True
INFO 2026-01-07 04:11:20,862 views 112100 140608928614080   Starting Celery async task...
INFO 2026-01-07 04:11:20,936 views 112100 140608928614080 ✓ Celery task started successfully
INFO 2026-01-07 04:11:20,936 views 112100 140608928614080   Task sent to queue for analysis.id=30
INFO 2026-01-07 04:11:20,936 views 112100 140608928614080 
📤 Step 8: Preparing response...
INFO 2026-01-07 04:11:20,938 views 112100 140608928614080 ✓ Response prepared
INFO 2026-01-07 04:11:20,938 views 112100 140608928614080   Analysis ID: 790d5324-bcdb-4003-adf9-6ac622124211
INFO 2026-01-07 04:11:20,938 views 112100 140608928614080   Status: pending
INFO 2026-01-07 04:11:20,938 views 112100 140608928614080   Response status code: 202 ACCEPTED
INFO 2026-01-07 04:11:20,938 views 112100 140608928614080 
============================================================
INFO 2026-01-07 04:11:20,938 views 112100 140608928614080 ✅ UPLOAD COMPLETED SUCCESSFULLY
INFO 2026-01-07 04:11:20,938 views 112100 140608928614080 ============================================================

INFO 2026-01-07 04:13:36,220 views 112100 140608928614080 
📋 GET /api/v1/analyses/ - List all analyses
INFO 2026-01-07 04:13:36,220 views 112100 140608928614080 📋 VideoAnalysisViewSet.get_queryset() called
INFO 2026-01-07 04:13:36,221 views 112100 140608928614080   API Key: BnYWxK9ezo...
INFO 2026-01-07 04:13:36,223 views 112100 140608928614080   Found 30 analyses for this API key
INFO 2026-01-07 04:13:36,242 views 112100 140608928614080   Returning 30 analyses
INFO 2026-01-07 04:30:46,354 views 131662 139882609379008 ============================================================
INFO 2026-01-07 04:30:46,355 views 131662 139882609379008 🎬 POST /api/v1/predict called
INFO 2026-01-07 04:30:46,355 views 131662 139882609379008 ============================================================
INFO 2026-01-07 04:30:46,355 views 131662 139882609379008 📋 Request Details:
INFO 2026-01-07 04:30:46,355 views 131662 139882609379008   Method: POST
INFO 2026-01-07 04:30:46,355 views 131662 139882609379008   Content-Type: application/json
INFO 2026-01-07 04:30:46,356 views 131662 139882609379008   Client IP: 127.0.0.1
INFO 2026-01-07 04:30:46,356 views 131662 139882609379008   User-Agent: Mozilla/5.0 (Windows NT 10.0; Win64; x64) AppleWebKit/537.36 (KHTML, like Gecko) Chrome/143.0.0.0 Safari/537.36
INFO 2026-01-07 04:30:46,356 views 131662 139882609379008   API Key: BnYWxK9ezo...
INFO 2026-01-07 04:30:46,356 views 131662 139882609379008 🔍 Step 1: Validating input data...
INFO 2026-01-07 04:30:46,363 views 131662 139882609379008 🔧 Step 2: Decoding base64...
ERROR 2026-01-07 04:30:46,364 views 131662 139882609379008 ❌ Unexpected error: 'VideoPredictAPIView' object has no attribute 'clean_base64_data'
ERROR 2026-01-07 04:30:46,367 views 131662 139882609379008 Traceback (most recent call last):
  File "/root/video_authenticity_api/video_analyzer/api/views.py", line 142, in post
    cleaned = self.clean_base64_data(video_base64)
              ^^^^^^^^^^^^^^^^^^^^^^
AttributeError: 'VideoPredictAPIView' object has no attribute 'clean_base64_data'

ERROR 2026-01-09 02:50:47,499 exceptions 66542 140373253686976 API Error: Authentication credentials were not provided.
Traceback (most recent call last):
  File "/root/video_authenticity_api/venv/lib/python3.12/site-packages/rest_framework/views.py", line 497, in dispatch
    self.initial(request, *args, **kwargs)
  File "/root/video_authenticity_api/venv/lib/python3.12/site-packages/rest_framework/views.py", line 415, in initial
    self.check_permissions(request)
  File "/root/video_authenticity_api/venv/lib/python3.12/site-packages/rest_framework/views.py", line 333, in check_permissions
    self.permission_denied(
  File "/root/video_authenticity_api/venv/lib/python3.12/site-packages/rest_framework/views.py", line 174, in permission_denied
    raise exceptions.NotAuthenticated()
rest_framework.exceptions.NotAuthenticated: Authentication credentials were not provided.
INFO 2026-01-09 07:06:26,890 views 308839 140237760100032 🎬 POST /api/v1/predict - Starting prediction
ERROR 2026-01-09 07:06:26,899 views 308839 140237760100032 Prediction failed: Cannot assign "'BnYWxK9ezo0IDvU-OXo7Oyi64jFmoExbfgAGx8Vn1e7A7jO__KMi2Ke6tckwXo4m'": "VideoAnalysis.api_key" must be a "APIKey" instance.
ERROR 2026-01-09 07:06:26,907 views 308839 140237760100032 Traceback (most recent call last):
  File "/root/video_authenticity_api/video_analyzer/api/views.py", line 180, in post
    analysis = VideoAnalysis.objects.create(
               ^^^^^^^^^^^^^^^^^^^^^^^^^^^^^
  File "/root/video_authenticity_api/venv/lib/python3.12/site-packages/django/db/models/manager.py", line 87, in manager_method
    return getattr(self.get_queryset(), name)(*args, **kwargs)
           ^^^^^^^^^^^^^^^^^^^^^^^^^^^^^^^^^^^^^^^^^^^^^^^^^^^
  File "/root/video_authenticity_api/venv/lib/python3.12/site-packages/django/db/models/query.py", line 656, in create
    obj = self.model(**kwargs)
          ^^^^^^^^^^^^^^^^^^^^
  File "/root/video_authenticity_api/venv/lib/python3.12/site-packages/django/db/models/base.py", line 543, in __init__
    _setattr(self, field.name, rel_obj)
  File "/root/video_authenticity_api/venv/lib/python3.12/site-packages/django/db/models/fields/related_descriptors.py", line 266, in __set__
    raise ValueError(
ValueError: Cannot assign "'BnYWxK9ezo0IDvU-OXo7Oyi64jFmoExbfgAGx8Vn1e7A7jO__KMi2Ke6tckwXo4m'": "VideoAnalysis.api_key" must be a "APIKey" instance.

INFO 2026-01-09 07:11:33,024 views 308839 140237760100032 🎬 POST /api/v1/predict - Starting prediction
ERROR 2026-01-09 07:11:33,029 views 308839 140237760100032 Prediction failed: Cannot assign "'D8kEt94YPuqfWGnkIebEedzQ5-h56yVJGh9U-vMvp5xvusAy2frnbc2ThvInSfdM'": "VideoAnalysis.api_key" must be a "APIKey" instance.
ERROR 2026-01-09 07:11:33,030 views 308839 140237760100032 Traceback (most recent call last):
  File "/root/video_authenticity_api/video_analyzer/api/views.py", line 180, in post
    analysis = VideoAnalysis.objects.create(
               ^^^^^^^^^^^^^^^^^^^^^^^^^^^^^
  File "/root/video_authenticity_api/venv/lib/python3.12/site-packages/django/db/models/manager.py", line 87, in manager_method
    return getattr(self.get_queryset(), name)(*args, **kwargs)
           ^^^^^^^^^^^^^^^^^^^^^^^^^^^^^^^^^^^^^^^^^^^^^^^^^^^
  File "/root/video_authenticity_api/venv/lib/python3.12/site-packages/django/db/models/query.py", line 656, in create
    obj = self.model(**kwargs)
          ^^^^^^^^^^^^^^^^^^^^
  File "/root/video_authenticity_api/venv/lib/python3.12/site-packages/django/db/models/base.py", line 543, in __init__
    _setattr(self, field.name, rel_obj)
  File "/root/video_authenticity_api/venv/lib/python3.12/site-packages/django/db/models/fields/related_descriptors.py", line 266, in __set__
    raise ValueError(
ValueError: Cannot assign "'D8kEt94YPuqfWGnkIebEedzQ5-h56yVJGh9U-vMvp5xvusAy2frnbc2ThvInSfdM'": "VideoAnalysis.api_key" must be a "APIKey" instance.

DEBUG 2026-01-15 01:55:07,580 authentication 34659 140467437213376 No API key provided in headers
ERROR 2026-01-15 01:55:07,583 exceptions 34659 140467437213376 API Error: Authentication credentials were not provided.
Traceback (most recent call last):
  File "/root/video_authenticity_api/venv/lib/python3.12/site-packages/rest_framework/views.py", line 497, in dispatch
    self.initial(request, *args, **kwargs)
  File "/root/video_authenticity_api/venv/lib/python3.12/site-packages/rest_framework/views.py", line 415, in initial
    self.check_permissions(request)
  File "/root/video_authenticity_api/venv/lib/python3.12/site-packages/rest_framework/views.py", line 333, in check_permissions
    self.permission_denied(
  File "/root/video_authenticity_api/venv/lib/python3.12/site-packages/rest_framework/views.py", line 174, in permission_denied
    raise exceptions.NotAuthenticated()
rest_framework.exceptions.NotAuthenticated: Authentication credentials were not provided.
DEBUG 2026-01-15 02:03:26,774 authentication 49008 139804679210688 No API key provided in headers
DEBUG 2026-01-15 02:03:27,145 authentication 49008 139804679210688 No API key provided in headers
INFO 2026-01-15 02:04:07,877 authentication 49008 139804679210688 API Key authenticated from DB: Test API Key
ERROR 2026-01-15 02:04:07,878 authentication 49008 139804679210688 Failed to update API usage stats: APIKey has no field named 'request_count'
INFO 2026-01-15 02:04:07,879 views 49008 139804679210688 🎬 POST /predict (Base64) - User: testuser
ERROR 2026-01-15 02:04:07,888 exceptions 49008 139804679210688 Unhandled exception: cannot unpack non-iterable NoneType object
Traceback (most recent call last):
  File "/root/video_authenticity_api/venv/lib/python3.12/site-packages/rest_framework/views.py", line 506, in dispatch
    response = handler(request, *args, **kwargs)
               ^^^^^^^^^^^^^^^^^^^^^^^^^^^^^^^^^
  File "/root/video_authenticity_api/video_analyzer/api/views.py", line 286, in post
    file_content, error_msg = self.decode_base64(validated_data['video_base64'])
    ^^^^^^^^^^^^^^^^^^^^^^^
TypeError: cannot unpack non-iterable NoneType object
INFO 2026-01-15 02:08:13,308 authentication 53879 140243449546432 API Key authenticated from DB: Test API Key
ERROR 2026-01-15 02:08:13,309 authentication 53879 140243449546432 Failed to update API usage stats: APIKey has no field named 'request_count'
INFO 2026-01-15 02:08:13,309 views 53879 140243449546432 🎬 POST /predict (Base64) - User: testuser
INFO 2026-01-15 02:08:47,946 authentication 54749 140685898286784 API Key authenticated from DB: Test API Key
ERROR 2026-01-15 02:08:47,947 authentication 54749 140685898286784 Failed to update API usage stats: APIKey has no field named 'request_count'
INFO 2026-01-15 02:08:47,947 views 54749 140685898286784 🎬 POST /predict (Base64) - User: testuser
INFO 2026-01-15 02:12:58,625 authentication 59177 140472594859712 API Key authenticated from DB: Test API Key
ERROR 2026-01-15 02:12:58,626 authentication 59177 140472594859712 Failed to update API usage stats: Cannot resolve keyword 'reques_count' into field. Choices are: analyses, created_at, id, is_active, key, last_used, name, rate_limit, usage_count, user, user_id
INFO 2026-01-15 02:12:58,626 views 59177 140472594859712 🎬 POST /predict (Base64) - User: testuser
ERROR 2026-01-15 02:12:58,632 views 59177 140472594859712 Error processing video: Cannot assign "'BnYWxK9ezo0IDvU-OXo7Oyi64jFmoExbfgAGx8Vn1e7A7jO__KMi2Ke6tckwXo4m'": "VideoAnalysis.api_key" must be a "APIKey" instance.
INFO 2026-01-15 02:15:46,873 authentication 62208 140636781938368 API Key authenticated from DB: Test API Key
INFO 2026-01-15 02:15:46,883 views 62208 140636781938368 🎬 POST /predict (Base64) - User: testuser
ERROR 2026-01-15 02:15:46,890 views 62208 140636781938368 Error processing video: attribute name must be string, not 'ModelBase'
INFO 2026-01-15 02:18:32,953 authentication 65339 139727694108352 API Key authenticated from DB: Test API Key
INFO 2026-01-15 02:18:32,961 views 65339 139727694108352 🎬 POST /predict (Base64) - User: testuser
ERROR 2026-01-15 02:18:32,970 views 65339 139727694108352 Error processing video: NOT NULL constraint failed: video_analyses.video_size
INFO 2026-01-15 02:20:54,001 authentication 67754 140478619043520 API Key authenticated from DB: Test API Key
INFO 2026-01-15 02:20:54,011 views 67754 140478619043520 🎬 POST /predict (Base64) - User: testuser
INFO 2026-01-15 02:20:54,035 views 67754 140478619043520 🔄 Loading model for sequence: 60
ERROR 2026-01-15 02:20:54,036 views 67754 140478619043520 ❌ ML Prediction Error: name 'get_or_load_model' is not defined
ERROR 2026-01-15 02:20:54,044 views 67754 140478619043520 Error processing video: name 'get_or_load_model' is not defined
INFO 2026-01-15 02:20:54,052 views 67754 140478619043520 🗑️ Video deleted: /root/video_authenticity_api/media/videos/42ef04a2-b5c3-4dfa-a162-f256c0a7bce7.mp4
INFO 2026-01-15 02:22:38,712 authentication 69612 140508214503104 API Key authenticated from DB: Test API Key
INFO 2026-01-15 02:22:38,719 views 69612 140508214503104 🎬 POST /predict (Base64) - User: testuser
INFO 2026-01-15 02:22:38,742 views 69612 140508214503104 🔄 Loading model for sequence: 60
ERROR 2026-01-15 02:22:41,295 views 69612 140508214503104 ❌ ML Prediction Error: name 'settings' is not defined
ERROR 2026-01-15 02:22:41,316 views 69612 140508214503104 Error processing video: name 'settings' is not defined
INFO 2026-01-15 02:22:41,328 views 69612 140508214503104 🗑️ Video deleted: /root/video_authenticity_api/media/videos/a1e4b305-d766-456c-bbbf-f22097ba1d76.mp4
INFO 2026-01-15 02:43:40,162 authentication 90727 139750872098496 API Key authenticated from DB: Test API Key
INFO 2026-01-15 02:43:40,172 views 90727 139750872098496 🎬 POST /predict (Base64) - User: testuser
INFO 2026-01-15 02:43:40,204 views 90727 139750872098496 🔄 Loading model for sequence: 60
ERROR 2026-01-15 02:43:42,636 views 90727 139750872098496 ❌ ML Prediction Error: name 'settings' is not defined
ERROR 2026-01-15 02:43:42,656 views 90727 139750872098496 Error processing video: name 'settings' is not defined
INFO 2026-01-15 02:43:42,664 views 90727 139750872098496 🗑️ Video deleted: /root/video_authenticity_api/media/videos/1471d32a-9f88-4a62-8ce1-ca8e8927cfe2.mp4
INFO 2026-01-15 02:44:45,131 authentication 92436 139884601190080 API Key authenticated from DB: Test API Key
INFO 2026-01-15 02:44:45,141 views 92436 139884601190080 🎬 POST /predict (Base64) - User: testuser
INFO 2026-01-15 02:44:45,175 views 92436 139884601190080 🔄 Loading model for sequence: 60
ERROR 2026-01-15 02:44:46,104 views 92436 139884601190080 ❌ ML Prediction Error: name 'settings' is not defined
ERROR 2026-01-15 02:44:46,123 views 92436 139884601190080 Error processing video: name 'settings' is not defined
INFO 2026-01-15 02:44:46,135 views 92436 139884601190080 🗑️ Video deleted: /root/video_authenticity_api/media/videos/4450d4eb-16b4-455e-ad29-3d24ce1bfcf8.mp4
DEBUG 2026-01-18 23:55:15,922 authentication 137428 140141271623360 No API key provided in headers
DEBUG 2026-01-18 23:55:16,352 authentication 137428 140141271623360 No API key provided in headers
INFO 2026-01-18 23:56:41,306 authentication 137428 140141271623360 API Key authenticated from DB: Test API Key
INFO 2026-01-18 23:56:41,318 views 137428 140141271623360 🎬 POST /predict (Base64) - User: testuser
INFO 2026-01-18 23:56:41,354 views 137428 140141271623360 🔄 Loading model for sequence: 40
ERROR 2026-01-18 23:56:43,742 views 137428 140141271623360 ❌ ML Prediction Error: Model not found: /root/video_authenticity_api/models/model_60_frames.pt
ERROR 2026-01-18 23:56:43,752 views 137428 140141271623360 Error processing video: Model not found: /root/video_authenticity_api/models/model_60_frames.pt
INFO 2026-01-18 23:56:43,763 views 137428 140141271623360 🗑️ Video deleted: /root/video_authenticity_api/media/videos/aabe6be6-e1cf-4568-83c2-14e9065bafe2.mp4
INFO 2026-01-19 00:02:07,348 authentication 147562 140570495723200 API Key authenticated from DB: Test API Key
INFO 2026-01-19 00:02:07,357 views 147562 140570495723200 🎬 POST /predict (Base64) - User: testuser
INFO 2026-01-19 00:02:07,390 views 147562 140570495723200 🔄 Loading model for sequence: 40
INFO 2026-01-19 00:02:09,600 utils 147562 140570495723200 Loading VideoAnalyzer from: /root/video_authenticity_api/models/model_95_acc_40_frames_FF_data.pt
INFO 2026-01-19 00:02:09,602 utils 147562 140570495723200 Loading model from: /root/video_authenticity_api/models/model_95_acc_40_frames_FF_data.pt
INFO 2026-01-19 00:02:14,120 utils 147562 140570495723200 ✓ Model loaded on cuda
INFO 2026-01-19 00:02:14,121 utils 147562 140570495723200 Predicting: /root/video_authenticity_api/media/videos/48d01a24-7e64-443a-8196-bed7a5dbbbaf.mp4
INFO 2026-01-19 00:02:14,617 utils 147562 140570495723200 Extracted 4 frames from /root/video_authenticity_api/media/videos/48d01a24-7e64-443a-8196-bed7a5dbbbaf.mp4
INFO 2026-01-19 00:02:14,698 utils 147562 140570495723200 Preprocessed video tensor shape: torch.Size([4, 3, 112, 112])
INFO 2026-01-19 00:02:15,693 utils 147562 140570495723200 Prediction: FAKE (51.67%)
INFO 2026-01-19 00:02:15,693 views 147562 140570495723200 🔥 Generating heatmap...
INFO 2026-01-19 00:02:16,173 utils 147562 140570495723200 Extracted 4 frames from /root/video_authenticity_api/media/videos/48d01a24-7e64-443a-8196-bed7a5dbbbaf.mp4
INFO 2026-01-19 00:02:16,209 utils 147562 140570495723200 Preprocessed video tensor shape: torch.Size([4, 3, 112, 112])
INFO 2026-01-19 00:02:16,316 views 147562 140570495723200 ✅ Analysis f3c65e3b-5c73-4fce-adc2-1f7f1bb48700 completed: FAKE
INFO 2026-01-19 00:02:16,322 views 147562 140570495723200 🗑️ Video deleted: /root/video_authenticity_api/media/videos/48d01a24-7e64-443a-8196-bed7a5dbbbaf.mp4
INFO 2026-01-19 00:04:11,781 authentication 150032 140155895064256 API Key authenticated from DB: Test API Key
INFO 2026-01-19 00:04:11,788 views 150032 140155895064256 🎬 POST /predict (Base64) - User: testuser
INFO 2026-01-19 00:04:11,817 views 150032 140155895064256 🔄 Loading model for sequence: 40
INFO 2026-01-19 00:04:13,987 utils 150032 140155895064256 Loading VideoAnalyzer from: /root/video_authenticity_api/models/model_95_acc_40_frames_FF_data.pt
INFO 2026-01-19 00:04:13,995 utils 150032 140155895064256 Loading model from: /root/video_authenticity_api/models/model_95_acc_40_frames_FF_data.pt
INFO 2026-01-19 00:04:15,708 utils 150032 140155895064256 ✓ Model loaded on cuda
INFO 2026-01-19 00:04:15,709 utils 150032 140155895064256 Predicting: /root/video_authenticity_api/media/videos/785e4286-117d-484a-acba-44c5d5bdacb2.mp4
INFO 2026-01-19 00:04:16,168 utils 150032 140155895064256 Extracted 4 frames from /root/video_authenticity_api/media/videos/785e4286-117d-484a-acba-44c5d5bdacb2.mp4
INFO 2026-01-19 00:04:16,215 utils 150032 140155895064256 Preprocessed video tensor shape: torch.Size([4, 3, 112, 112])
INFO 2026-01-19 00:04:17,004 utils 150032 140155895064256 Prediction: REAL (51.29%)
INFO 2026-01-19 00:04:17,004 views 150032 140155895064256 🔥 Generating heatmap...
INFO 2026-01-19 00:04:17,390 utils 150032 140155895064256 Extracted 4 frames from /root/video_authenticity_api/media/videos/785e4286-117d-484a-acba-44c5d5bdacb2.mp4
INFO 2026-01-19 00:04:17,428 utils 150032 140155895064256 Preprocessed video tensor shape: torch.Size([4, 3, 112, 112])
INFO 2026-01-19 00:04:17,511 views 150032 140155895064256 ✅ Analysis ce2809c4-9ac1-49d8-b949-d85028aa3f7d completed: REAL
INFO 2026-01-19 00:04:17,515 views 150032 140155895064256 🗑️ Video deleted: /root/video_authenticity_api/media/videos/785e4286-117d-484a-acba-44c5d5bdacb2.mp4
